<?xml version="1.0" encoding="UTF-8"?>
<robot generator="Robot 7.2 (Python 3.13.1 on win32)" generated="2025-04-23T10:35:02.145591" rpa="false" schemaversion="5">
<suite id="s1" name="US005" source="c:\Users\fthyl\OneDrive\PROJECT\API\TestsAPI\US005.robot">
<test id="s1-t1" name="Get_countryInfo" line="17">
<kw name="Create Session" owner="RequestsLibrary">
<msg time="2025-04-23T10:35:03.493320" level="INFO">Creating Session using : alias=ulkeIsim, url=https://restcountries.com, headers={},                     cookies={}, auth=None, timeout=None, proxies=None, verify=False,                     debug=0 </msg>
<arg>ulkeIsim</arg>
<arg>${BASE_URL}</arg>
<doc>Create Session: create a HTTP session to a server</doc>
<status status="PASS" start="2025-04-23T10:35:03.492423" elapsed="0.007302"/>
</kw>
<kw name="GET On Session" owner="RequestsLibrary">
<msg time="2025-04-23T10:35:03.894472" level="INFO">GET Request : url=https://restcountries.com/v3.1/name/deutschland 
 path_url=/v3.1/name/deutschland 
 headers={'User-Agent': 'python-requests/2.32.3', 'Accept-Encoding': 'gzip, deflate', 'Accept': '*/*', 'Connection': 'keep-alive'} 
 body=None 
 </msg>
<msg time="2025-04-23T10:35:03.895178" level="INFO">GET Response : url=https://restcountries.com/v3.1/name/deutschland 
 status=200, reason=OK 
 headers={'Server': 'nginx/1.22.1', 'Date': 'Wed, 23 Apr 2025 08:35:03 GMT', 'Content-Type': 'application/json', 'Content-Length': '3431', 'Connection': 'keep-alive', 'Cache-Control': 'public, immutable, max-age=31556926'} 
 body=[{"name":{"common":"Germany","official":"Federal Republic of Germany","nativeName":{"deu":{"official":"Bundesrepublik Deutschland","common":"Deutschland"}}},"tld":[".de"],"cca2":"DE","ccn3":"276","cioc":"GER","independent":true,"status":"officially-assigned","unMember":true,"currencies":{"EUR":{"symbol":"€","name":"Euro"}},"idd":{"root":"+4","suffixes":["9"]},"capital":["Berlin"],"altSpellings":["DE","Federal Republic of Germany","Bundesrepublik Deutschland"],"region":"Europe","subregion":"Western Europe","languages":{"deu":"German"},"latlng":[51.0,9.0],"landlocked":false,"borders":["AUT","BEL","CZE","DNK","FRA","LUX","NLD","POL","CHE"],"area":357114.0,"demonyms":{"eng":{"f":"German","m":"German"},"fra":{"f":"Allemande","m":"Allemand"}},"cca3":"DEU","translations":{"ara":{"official":"جمهورية ألمانيا الاتحادية","common":"ألمانيا"},"bre":{"official":"Republik Kevreadel Alamagn","common":"Alamagn"},"ces":{"official":"Spolková republika Německo","common":"Německo"},"cym":{"official":"Federal Republic of Germany","common":"Germany"},"deu":{"official":"Bundesrepublik Deutschland","common":"Deutschland"},"est":{"official":"Saksamaa Liitvabariik","common":"Saksamaa"},"fin":{"official":"Saksan liittotasavalta","common":"Saksa"},"fra":{"official":"République fédérale d'Allemagne","common":"Allemagne"},"hrv":{"official":"Njemačka Federativna Republika","common":"Njemačka"},"hun":{"official":"Német Szövetségi Köztársaság","common":"Németország"},"ind":{"official":"Republik Federal Jerman","common":"Jerman"},"ita":{"official":"Repubblica federale di Germania","common":"Germania"},"jpn":{"official":"ドイツ連邦共和国","common":"ドイツ"},"kor":{"official":"독일 연방 공화국","common":"독일"},"nld":{"official":"Bondsrepubliek Duitsland","common":"Duitsland"},"per":{"official":"جمهوری فدرال آلمان","common":"آلمان"},"pol":{"official":"Republika Federalna Niemiec","common":"Niemcy"},"por":{"official":"República Federal da Alemanha","common":"Alemanha"},"rus":{"official":"Федеративная Республика Германия","common":"Германия"},"slk":{"official":"Nemecká spolková republika","common":"Nemecko"},"spa":{"official":"República Federal de Alemania","common":"Alemania"},"srp":{"official":"Савезна Република Немачка","common":"Немачка"},"swe":{"official":"Förbundsrepubliken Tyskland","common":"Tyskland"},"tur":{"official":"Almanya Federal Cumhuriyeti","common":"Almanya"},"urd":{"official":"وفاقی جمہوریہ جرمنی","common":"جرمنی"},"zho":{"official":"德意志联邦共和国","common":"德国"}},"flag":"\uD83C\uDDE9\uD83C\uDDEA","maps":{"googleMaps":"https://goo.gl/maps/mD9FBMq1nvXUBrkv6","openStreetMaps":"https://www.openstreetmap.org/relation/51477"},"population":83240525,"gini":{"2016":31.9},"fifa":"GER","car":{"signs":["DY"],"side":"right"},"timezones":["UTC+01:00"],"continents":["Europe"],"flags":{"png":"https://flagcdn.com/w320/de.png","svg":"https://flagcdn.com/de.svg","alt":"The flag of Germany is composed of three equal horizontal bands of black, red and gold."},"coatOfArms":{"png":"https://mainfacts.com/media/images/coats_of_arms/de.png","svg":"https://mainfacts.com/media/images/coats_of_arms/de.svg"},"startOfWeek":"monday","capitalInfo":{"latlng":[52.52,13.4]},"postalCode":{"format":"#####","regex":"^(\\d{5})$"}}] 
 </msg>
<msg time="2025-04-23T10:35:03.895675" level="INFO">C:\Users\fthyl\AppData\Local\Programs\Python\Python313\Lib\site-packages\urllib3\connectionpool.py:1097: InsecureRequestWarning: Unverified HTTPS request is being made to host 'restcountries.com'. Adding certificate verification is strongly advised. See: https://urllib3.readthedocs.io/en/latest/advanced-usage.html#tls-warnings
  warnings.warn(</msg>
<msg time="2025-04-23T10:35:03.896383" level="INFO">${response} = &lt;Response [200]&gt;</msg>
<var>${response}</var>
<arg>ulkeIsim</arg>
<arg>${ENDPOINT}</arg>
<doc>Sends a GET request on a previously created HTTP Session.</doc>
<status status="PASS" start="2025-04-23T10:35:03.502256" elapsed="0.394395"/>
</kw>
<kw name="Set Variable" owner="BuiltIn">
<msg time="2025-04-23T10:35:03.901494" level="INFO">${json_obj} = [{'name': {'common': 'Germany', 'official': 'Federal Republic of Germany', 'nativeName': {'deu': {'official': 'Bundesrepublik Deutschland', 'common': 'Deutschland'}}}, 'tld': ['.de'], 'cca2': 'DE', 'c...</msg>
<var>${json_obj}</var>
<arg>${response.json()}</arg>
<doc>Returns the given values which can then be assigned to a variables.</doc>
<status status="PASS" start="2025-04-23T10:35:03.899585" elapsed="0.002325"/>
</kw>
<kw name="Get Value From Json" owner="JSONLibrary">
<msg time="2025-04-23T10:35:03.963738" level="INFO">${country_name_0} = ['Germany']</msg>
<var>${country_name_0}</var>
<arg>${json_obj}</arg>
<arg>$[0].name.common</arg>
<doc>Get Value From JSON using JSONPath</doc>
<status status="PASS" start="2025-04-23T10:35:03.903138" elapsed="0.061099"/>
</kw>
<kw name="Log To Console" owner="BuiltIn">
<arg>First country: ${country_name_0}</arg>
<doc>Logs the given message to the console.</doc>
<status status="PASS" start="2025-04-23T10:35:03.965631" elapsed="0.001567"/>
</kw>
<status status="PASS" start="2025-04-23T10:35:03.490308" elapsed="0.478005"/>
</test>
<status status="PASS" start="2025-04-23T10:35:02.162586" elapsed="1.808031"/>
</suite>
<statistics>
<total>
<stat pass="1" fail="0" skip="0">All Tests</stat>
</total>
<tag>
</tag>
<suite>
<stat name="US005" id="s1" pass="1" fail="0" skip="0">US005</stat>
</suite>
</statistics>
<errors>
</errors>
</robot>
