<?xml version="1.0" encoding="UTF-8"?>
<robot generator="Robot 7.2 (Python 3.13.1 on win32)" generated="2025-04-12T15:27:05.421537" rpa="false" schemaversion="5">
<suite id="s1" name="US002 Post" source="c:\Users\fthyl\OneDrive\PROJECT\API\TestsAPI\US002_Post.robot">
<test id="s1-t1" name="TC001 Post Requests" line="32">
<kw name="Create Session" owner="RequestsLibrary">
<msg time="2025-04-12T15:27:06.704378" level="INFO">Creating Session using : alias=YeniKayit, url=https://petstore.swagger.io, headers={},                     cookies={}, auth=None, timeout=None, proxies=None, verify=False,                     debug=0 </msg>
<arg>YeniKayit</arg>
<arg>${base_url}</arg>
<doc>Create Session: create a HTTP session to a server</doc>
<status status="PASS" start="2025-04-12T15:27:06.703354" elapsed="0.006953"/>
</kw>
<kw name="Create Dictionary" owner="BuiltIn">
<msg time="2025-04-12T15:27:06.724591" level="INFO">${headers} = {'Content-Type': 'application/json', 'accept': 'application/json'}</msg>
<var>${headers}</var>
<arg>Content-Type=application/json</arg>
<arg>accept=application/json</arg>
<doc>Creates and returns a dictionary based on the given ``items``.</doc>
<status status="PASS" start="2025-04-12T15:27:06.722310" elapsed="0.003480"/>
</kw>
<kw name="POST On Session" owner="RequestsLibrary">
<msg time="2025-04-12T15:27:08.877244" level="INFO">POST Request : url=https://petstore.swagger.io/v2/pet 
 path_url=/v2/pet 
 headers={'User-Agent': 'python-requests/2.32.3', 'Accept-Encoding': 'gzip, deflate', 'accept': 'application/json', 'Connection': 'keep-alive', 'Content-Type': 'application/json', 'Content-Length': '163'} 
 body={ "id": 0, "category": { "id": 0, "name": "string" }, "name": "doggie", "photoUrls": ["string"], "tags": [ { "id": 0, "name": "string" } ], "status": "available" } 
 </msg>
<msg time="2025-04-12T15:27:08.877772" level="INFO">POST Response : url=https://petstore.swagger.io/v2/pet 
 status=200, reason=OK 
 headers={'Date': 'Sat, 12 Apr 2025 13:27:09 GMT', 'Content-Type': 'application/json', 'Transfer-Encoding': 'chunked', 'Connection': 'keep-alive', 'Access-Control-Allow-Origin': '*', 'Access-Control-Allow-Methods': 'GET, POST, DELETE, PUT', 'Access-Control-Allow-Headers': 'Content-Type, api_key, Authorization', 'Server': 'Jetty(9.2.9.v20150224)'} 
 body={"id":9223372036854775807,"category":{"id":0,"name":"string"},"name":"doggie","photoUrls":["string"],"tags":[{"id":0,"name":"string"}],"status":"available"} 
 </msg>
<msg time="2025-04-12T15:27:08.878082" level="INFO">C:\Users\fthyl\AppData\Local\Programs\Python\Python313\Lib\site-packages\urllib3\connectionpool.py:1097: InsecureRequestWarning: Unverified HTTPS request is being made to host 'petstore.swagger.io'. Adding certificate verification is strongly advised. See: https://urllib3.readthedocs.io/en/latest/advanced-usage.html#tls-warnings
  warnings.warn(</msg>
<msg time="2025-04-12T15:27:08.878811" level="INFO">${response} = &lt;Response [200]&gt;</msg>
<var>${response}</var>
<arg>YeniKayit</arg>
<arg>${ENDPOINT}</arg>
<arg>data=${PET_BODY}</arg>
<arg>headers=${headers}</arg>
<doc>Sends a POST request on a previously created HTTP Session.</doc>
<status status="PASS" start="2025-04-12T15:27:06.732406" elapsed="2.146719"/>
</kw>
<kw name="Should Be Equal As Strings" owner="BuiltIn">
<msg time="2025-04-12T15:27:08.882023" level="INFO">Argument types are:
&lt;class 'int'&gt;
&lt;class 'str'&gt;</msg>
<arg>${response.status_code}</arg>
<arg>200</arg>
<doc>Fails if objects are unequal after converting them to strings.</doc>
<status status="PASS" start="2025-04-12T15:27:08.880009" elapsed="0.002505"/>
</kw>
<doc>Test to create a new post using POST request,yeni kayit yapacagiz</doc>
<tag>Post_YeniKayit</tag>
<status status="PASS" start="2025-04-12T15:27:06.693497" elapsed="2.191811"/>
</test>
<status status="PASS" start="2025-04-12T15:27:05.438121" elapsed="3.450867"/>
</suite>
<statistics>
<total>
<stat pass="1" fail="0" skip="0">All Tests</stat>
</total>
<tag>
<stat pass="1" fail="0" skip="0">Post_YeniKayit</stat>
</tag>
<suite>
<stat name="US002 Post" id="s1" pass="1" fail="0" skip="0">US002 Post</stat>
</suite>
</statistics>
<errors>
</errors>
</robot>
