<?xml version="1.0" encoding="UTF-8"?>
<robot generator="Robot 7.2 (Python 3.13.1 on win32)" generated="2025-01-28T15:59:10.509066" rpa="false" schemaversion="5">
<suite id="s1" name="Tests" source="C:\Users\fthyl\OneDrive\PROJECT\tests">
<suite id="s1-s1" name="US003" source="C:\Users\fthyl\OneDrive\PROJECT\tests\US003.robot">
<test id="s1-s1-t1" name="TC001 Create an account" line="41">
<kw name="Open Browser To Application" owner="reusable_keywords">
<kw name="Open Browser" owner="SeleniumLibrary">
<msg time="2025-01-28T15:59:11.336272" level="INFO">Opening browser 'chrome' to base url 'http://www.automationpractice.pl/index.php'.</msg>
<arg>${url}</arg>
<arg>${browser}</arg>
<doc>Opens a new browser instance to the optional ``url``.</doc>
<status status="PASS" start="2025-01-28T15:59:11.335852" elapsed="6.783699"/>
</kw>
<kw name="Maximize Browser Window" owner="SeleniumLibrary">
<doc>Maximizes current browser window.</doc>
<status status="PASS" start="2025-01-28T15:59:18.120667" elapsed="0.127918"/>
</kw>
<kw name="Set Selenium Speed" owner="SeleniumLibrary">
<arg>0.5</arg>
<doc>Sets the delay that is waited after each Selenium command.</doc>
<status status="PASS" start="2025-01-28T15:59:18.249022" elapsed="0.000774"/>
</kw>
<arg>${BASE_URL}</arg>
<arg>${BROWSER}</arg>
<status status="PASS" start="2025-01-28T15:59:11.334382" elapsed="6.915631"/>
</kw>
<kw name="Click Element" owner="SeleniumLibrary">
<msg time="2025-01-28T15:59:18.259072" level="INFO">Clicking element 'xpath=//a[@class='login' and @title='Log in to your customer account']'.</msg>
<arg>${LoginPageLocators.SIGN_IN_BUTTON}</arg>
<doc>Click the element identified by ``locator``.</doc>
<status status="PASS" start="2025-01-28T15:59:18.254491" elapsed="2.600725"/>
</kw>
<kw name="Sleep" owner="BuiltIn">
<msg time="2025-01-28T15:59:21.867556" level="INFO">Slept 1 second.</msg>
<arg>1s</arg>
<doc>Pauses the test executed for the given time.</doc>
<status status="PASS" start="2025-01-28T15:59:20.855896" elapsed="1.012182"/>
</kw>
<kw name="Generate Random Email">
<kw name="Evaluate" owner="BuiltIn">
<msg time="2025-01-28T15:59:21.872786" level="INFO">${random_string} = sfzhf0rp7t</msg>
<var>${random_string}</var>
<arg>''.join(random.choices('abcdefghijklmnopqrstuvwxyz1234567890', k=10))</arg>
<arg>modules=random</arg>
<doc>Evaluates the given expression in Python and returns the result.</doc>
<status status="PASS" start="2025-01-28T15:59:21.871222" elapsed="0.001759"/>
</kw>
<kw name="Set Variable" owner="BuiltIn">
<msg time="2025-01-28T15:59:21.874629" level="INFO">${email} = sfzhf0rp7t@yopmail.com</msg>
<var>${email}</var>
<arg>${random_string}@yopmail.com</arg>
<doc>Returns the given values which can then be assigned to a variables.</doc>
<status status="PASS" start="2025-01-28T15:59:21.873671" elapsed="0.001146"/>
</kw>
<return>
<value>${email}</value>
<status status="PASS" start="2025-01-28T15:59:21.875221" elapsed="0.000310"/>
</return>
<msg time="2025-01-28T15:59:21.876383" level="INFO">${random_email} = sfzhf0rp7t@yopmail.com</msg>
<var>${random_email}</var>
<doc>Generates and returns a random email address.</doc>
<status status="PASS" start="2025-01-28T15:59:21.869756" elapsed="0.006810"/>
</kw>
<kw name="Input Text" owner="SeleniumLibrary">
<msg time="2025-01-28T15:59:21.880318" level="INFO">Typing text 'sfzhf0rp7t@yopmail.com' into text field 'xpath=//input[@id='email_create']'.</msg>
<arg>${LoginPageLocators.EMAIL_ADDRESS_CREATE_ACCOUNT}</arg>
<arg>${random_email}</arg>
<doc>Types the given ``text`` into the text field identified by ``locator``.</doc>
<status status="PASS" start="2025-01-28T15:59:21.877595" elapsed="1.790048"/>
</kw>
<kw name="Sleep" owner="BuiltIn">
<msg time="2025-01-28T15:59:24.669562" level="INFO">Slept 1 second.</msg>
<arg>1s</arg>
<doc>Pauses the test executed for the given time.</doc>
<status status="PASS" start="2025-01-28T15:59:23.668274" elapsed="1.001771"/>
</kw>
<kw name="Click Button" owner="SeleniumLibrary">
<msg time="2025-01-28T15:59:24.673957" level="INFO">Clicking button 'xpath= //button[@id='SubmitCreate']'.</msg>
<arg>${LoginPageLocators.CREATE_ACCOUNT_BUTTON}</arg>
<doc>Clicks the button identified by ``locator``.</doc>
<status status="PASS" start="2025-01-28T15:59:24.671340" elapsed="2.744224"/>
</kw>
<kw name="Sleep" owner="BuiltIn">
<msg time="2025-01-28T15:59:28.418017" level="INFO">Slept 1 second.</msg>
<arg>1s</arg>
<doc>Pauses the test executed for the given time.</doc>
<status status="PASS" start="2025-01-28T15:59:27.416655" elapsed="1.001729"/>
</kw>
<kw name="Location Should Contain" owner="SeleniumLibrary">
<msg time="2025-01-28T15:59:28.934081" level="INFO">Current location contains 'controller=authentication'.</msg>
<arg>controller=authentication</arg>
<doc>Verifies that the current URL contains ``expected``.</doc>
<status status="PASS" start="2025-01-28T15:59:28.419120" elapsed="0.515938"/>
</kw>
<kw name="Sleep" owner="BuiltIn">
<msg time="2025-01-28T15:59:29.939839" level="INFO">Slept 1 second.</msg>
<arg>1s</arg>
<doc>Pauses the test executed for the given time.</doc>
<status status="PASS" start="2025-01-28T15:59:28.938596" elapsed="1.001476"/>
</kw>
<kw name="Select One Random Gender">
<kw name="Create List" owner="BuiltIn">
<msg time="2025-01-28T15:59:29.941727" level="INFO">${locator_list} = ["xpath=//input[@id='id_gender1']", "xpath=//input[@id='id_gender2']"]</msg>
<var>${locator_list}</var>
<arg>${LOCATORGENDERMR}</arg>
<arg>${LOCATORGENDERMRS}</arg>
<doc>Returns a list containing given items.</doc>
<status status="PASS" start="2025-01-28T15:59:29.941303" elapsed="0.000497"/>
</kw>
<kw name="Evaluate" owner="BuiltIn">
<msg time="2025-01-28T15:59:29.942692" level="INFO">${selected_locator} = xpath=//input[@id='id_gender1']</msg>
<var>${selected_locator}</var>
<arg>random.choice(${locator_list})</arg>
<arg>modules=random</arg>
<doc>Evaluates the given expression in Python and returns the result.</doc>
<status status="PASS" start="2025-01-28T15:59:29.942076" elapsed="0.000679"/>
</kw>
<kw name="Log" owner="BuiltIn">
<msg time="2025-01-28T15:59:29.943269" level="INFO">Selected locator: xpath=//input[@id='id_gender1']</msg>
<arg>Selected locator: ${selected_locator}</arg>
<doc>Logs the given message with the given level.</doc>
<status status="PASS" start="2025-01-28T15:59:29.943011" elapsed="0.000352"/>
</kw>
<kw name="Click Element" owner="SeleniumLibrary">
<msg time="2025-01-28T15:59:29.943941" level="INFO">Clicking element 'xpath=//input[@id='id_gender1']'.</msg>
<arg>${selected_locator}</arg>
<doc>Click the element identified by ``locator``.</doc>
<status status="PASS" start="2025-01-28T15:59:29.943590" elapsed="1.134393"/>
</kw>
<doc>Selects gender randomly as male (MR) or female (MRS).</doc>
<status status="PASS" start="2025-01-28T15:59:29.940751" elapsed="1.137828"/>
</kw>
<kw name="Sleep" owner="BuiltIn">
<msg time="2025-01-28T15:59:32.081286" level="INFO">Slept 1 second.</msg>
<arg>1s</arg>
<doc>Pauses the test executed for the given time.</doc>
<status status="PASS" start="2025-01-28T15:59:31.079792" elapsed="1.001971"/>
</kw>
<kw name="Input Text" owner="SeleniumLibrary">
<msg time="2025-01-28T15:59:32.085806" level="INFO">Typing text 'textA' into text field 'xpath=//input[@name='customer_firstname']'.</msg>
<arg>${LoginPageLocators.FIRST_NAME1}</arg>
<arg>textA</arg>
<doc>Types the given ``text`` into the text field identified by ``locator``.</doc>
<status status="PASS" start="2025-01-28T15:59:32.083065" elapsed="1.710589"/>
</kw>
<kw name="Input Text" owner="SeleniumLibrary">
<msg time="2025-01-28T15:59:33.797759" level="INFO">Typing text 'textlast' into text field 'xpath=//input[@name='customer_lastname']'.</msg>
<arg>${LoginPageLocators.LAST_NAME2}</arg>
<arg>textlast</arg>
<doc>Types the given ``text`` into the text field identified by ``locator``.</doc>
<status status="PASS" start="2025-01-28T15:59:33.795029" elapsed="1.743901"/>
</kw>
<kw name="Input Text" owner="SeleniumLibrary">
<msg time="2025-01-28T15:59:35.540479" level="INFO">Typing text '123456' into text field 'xpath=//input[@name='passwd']'.</msg>
<arg>${LoginPageLocators.PASSWORD}</arg>
<arg>${PASSWORD_CREATE_ACCOUNT}</arg>
<doc>Types the given ``text`` into the text field identified by ``locator``.</doc>
<status status="PASS" start="2025-01-28T15:59:35.539557" elapsed="1.713331"/>
</kw>
<kw name="Sleep" owner="BuiltIn">
<msg time="2025-01-28T15:59:38.255914" level="INFO">Slept 1 second.</msg>
<arg>1s</arg>
<doc>Pauses the test executed for the given time.</doc>
<status status="PASS" start="2025-01-28T15:59:37.254304" elapsed="1.002141"/>
</kw>
<kw name="Select Random Date Of Birth">
<kw name="Evaluate" owner="BuiltIn">
<msg time="2025-01-28T15:59:38.260435" level="INFO">${day} = 17</msg>
<var>${day}</var>
<arg>random.randint(1, 28)</arg>
<doc>Evaluates the given expression in Python and returns the result.</doc>
<status status="PASS" start="2025-01-28T15:59:38.259317" elapsed="0.001308"/>
</kw>
<kw name="Evaluate" owner="BuiltIn">
<msg time="2025-01-28T15:59:38.262244" level="INFO">${month} = 4</msg>
<var>${month}</var>
<arg>random.randint(1, 12)</arg>
<doc>Evaluates the given expression in Python and returns the result.</doc>
<status status="PASS" start="2025-01-28T15:59:38.261273" elapsed="0.001154"/>
</kw>
<kw name="Evaluate" owner="BuiltIn">
<msg time="2025-01-28T15:59:38.264014" level="INFO">${year} = 1925</msg>
<var>${year}</var>
<arg>random.randint(1915, 2025)</arg>
<doc>Evaluates the given expression in Python and returns the result.</doc>
<status status="PASS" start="2025-01-28T15:59:38.263069" elapsed="0.001125"/>
</kw>
<kw name="Select From List By Value" owner="SeleniumLibrary">
<msg time="2025-01-28T15:59:38.267644" level="INFO">Selecting options from selection list 'xpath=//select[@id='days']' by value 17.</msg>
<arg>${LoginPageLocators.DAY_DROPDOWN}</arg>
<arg>${day}</arg>
<doc>Selects options from selection list ``locator`` by ``values``.</doc>
<status status="PASS" start="2025-01-28T15:59:38.264855" elapsed="4.255636"/>
</kw>
<kw name="Select From List By Value" owner="SeleniumLibrary">
<msg time="2025-01-28T15:59:42.524268" level="INFO">Selecting options from selection list 'xpath=//select[@id='months']' by value 4.</msg>
<arg>${LoginPageLocators.MONTH_DROPDOWN}</arg>
<arg>${month}</arg>
<doc>Selects options from selection list ``locator`` by ``values``.</doc>
<status status="PASS" start="2025-01-28T15:59:42.521409" elapsed="4.292015"/>
</kw>
<kw name="Select From List By Value" owner="SeleniumLibrary">
<msg time="2025-01-28T15:59:46.817252" level="INFO">Selecting options from selection list 'xpath=//select[@id='years']' by value 1925.</msg>
<arg>${LoginPageLocators.YEAR_DROPDOWN}</arg>
<arg>${year}</arg>
<doc>Selects options from selection list ``locator`` by ``values``.</doc>
<status status="PASS" start="2025-01-28T15:59:46.814355" elapsed="4.249561"/>
</kw>
<doc>Selects a random date of birth in the registration form.</doc>
<status status="PASS" start="2025-01-28T15:59:38.257990" elapsed="12.806541"/>
</kw>
<kw name="Select Checkbox" owner="SeleniumLibrary">
<msg time="2025-01-28T15:59:51.069173" level="INFO">Selecting checkbox 'xpath=//input[@type='checkbox']'.</msg>
<arg>locator=${LoginPageLocators.SIGN_UP_OUR_NEWSLETTER}</arg>
<doc>Selects the checkbox identified by ``locator``.</doc>
<status status="PASS" start="2025-01-28T15:59:51.066344" elapsed="2.719797"/>
</kw>
<kw name="Sleep" owner="BuiltIn">
<msg time="2025-01-28T15:59:54.787640" level="INFO">Slept 1 second.</msg>
<arg>1s</arg>
<doc>Pauses the test executed for the given time.</doc>
<status status="PASS" start="2025-01-28T15:59:53.786703" elapsed="1.001437"/>
</kw>
<kw name="Click Element" owner="SeleniumLibrary">
<msg time="2025-01-28T15:59:54.792434" level="INFO">Clicking element 'xpath=//*[@id='submitAccount']'.</msg>
<arg>${LoginPageLocators.REGISTER}</arg>
<doc>Click the element identified by ``locator``.</doc>
<status status="PASS" start="2025-01-28T15:59:54.789594" elapsed="3.109152"/>
</kw>
<kw name="Sleep" owner="BuiltIn">
<msg time="2025-01-28T15:59:58.901579" level="INFO">Slept 1 second.</msg>
<arg>1s</arg>
<doc>Pauses the test executed for the given time.</doc>
<status status="PASS" start="2025-01-28T15:59:57.900069" elapsed="1.001991"/>
</kw>
<kw name="Element Should Be Visible" owner="SeleniumLibrary">
<msg time="2025-01-28T15:59:59.977903" level="INFO">Element 'xpath=//p[@class='alert alert-success']' is displayed.</msg>
<arg>${LoginPageLocators.ACCOUNT_HAS_BEEN_CREATED}</arg>
<doc>Verifies that the element identified by ``locator`` is visible.</doc>
<status status="PASS" start="2025-01-28T15:59:58.903341" elapsed="1.075073"/>
</kw>
<doc>Tests the process of creating a new user account</doc>
<tag>smoke</tag>
<status status="PASS" start="2025-01-28T15:59:11.333002" elapsed="48.646689"/>
</test>
<test id="s1-s1-t2" name="TC002 Negative Create an account Password Too Short" line="70">
<kw name="Open Browser To Application" owner="reusable_keywords">
<kw name="Open Browser" owner="SeleniumLibrary">
<msg time="2025-01-28T15:59:59.988844" level="INFO">Opening browser 'chrome' to base url 'http://www.automationpractice.pl/index.php'.</msg>
<arg>${url}</arg>
<arg>${browser}</arg>
<doc>Opens a new browser instance to the optional ``url``.</doc>
<status status="PASS" start="2025-01-28T15:59:59.987818" elapsed="7.314033"/>
</kw>
<kw name="Maximize Browser Window" owner="SeleniumLibrary">
<doc>Maximizes current browser window.</doc>
<status status="PASS" start="2025-01-28T16:00:07.302813" elapsed="0.839286"/>
</kw>
<kw name="Set Selenium Speed" owner="SeleniumLibrary">
<arg>0.5</arg>
<doc>Sets the delay that is waited after each Selenium command.</doc>
<status status="PASS" start="2025-01-28T16:00:08.142504" elapsed="0.000429"/>
</kw>
<arg>${BASE_URL}</arg>
<arg>${BROWSER}</arg>
<status status="PASS" start="2025-01-28T15:59:59.985867" elapsed="8.157227"/>
</kw>
<kw name="Click Element" owner="SeleniumLibrary">
<msg time="2025-01-28T16:00:08.144822" level="INFO">Clicking element 'xpath=//a[@class='login' and @title='Log in to your customer account']'.</msg>
<arg>${LoginPageLocators.SIGN_IN_BUTTON}</arg>
<doc>Click the element identified by ``locator``.</doc>
<status status="PASS" start="2025-01-28T16:00:08.143675" elapsed="2.218748"/>
</kw>
<kw name="Sleep" owner="BuiltIn">
<msg time="2025-01-28T16:00:11.363935" level="INFO">Slept 1 second.</msg>
<arg>1s</arg>
<doc>Pauses the test executed for the given time.</doc>
<status status="PASS" start="2025-01-28T16:00:10.363052" elapsed="1.001357"/>
</kw>
<kw name="Generate Random Email">
<kw name="Evaluate" owner="BuiltIn">
<msg time="2025-01-28T16:00:11.368712" level="INFO">${random_string} = xbb72hmugq</msg>
<var>${random_string}</var>
<arg>''.join(random.choices('abcdefghijklmnopqrstuvwxyz1234567890', k=10))</arg>
<arg>modules=random</arg>
<doc>Evaluates the given expression in Python and returns the result.</doc>
<status status="PASS" start="2025-01-28T16:00:11.367278" elapsed="0.001621"/>
</kw>
<kw name="Set Variable" owner="BuiltIn">
<msg time="2025-01-28T16:00:11.370485" level="INFO">${email} = xbb72hmugq@yopmail.com</msg>
<var>${email}</var>
<arg>${random_string}@yopmail.com</arg>
<doc>Returns the given values which can then be assigned to a variables.</doc>
<status status="PASS" start="2025-01-28T16:00:11.369584" elapsed="0.001079"/>
</kw>
<return>
<value>${email}</value>
<status status="PASS" start="2025-01-28T16:00:11.371039" elapsed="0.000298"/>
</return>
<msg time="2025-01-28T16:00:11.372213" level="INFO">${random_email} = xbb72hmugq@yopmail.com</msg>
<var>${random_email}</var>
<doc>Generates and returns a random email address.</doc>
<status status="PASS" start="2025-01-28T16:00:11.365938" elapsed="0.006468"/>
</kw>
<kw name="Input Text" owner="SeleniumLibrary">
<msg time="2025-01-28T16:00:11.376148" level="INFO">Typing text 'xbb72hmugq@yopmail.com' into text field 'xpath=//input[@id='email_create']'.</msg>
<arg>${LoginPageLocators.EMAIL_ADDRESS_CREATE_ACCOUNT}</arg>
<arg>${random_email}</arg>
<doc>Types the given ``text`` into the text field identified by ``locator``.</doc>
<status status="PASS" start="2025-01-28T16:00:11.373465" elapsed="1.840900"/>
</kw>
<kw name="Sleep" owner="BuiltIn">
<msg time="2025-01-28T16:00:14.216030" level="INFO">Slept 1 second.</msg>
<arg>1s</arg>
<doc>Pauses the test executed for the given time.</doc>
<status status="PASS" start="2025-01-28T16:00:13.215130" elapsed="1.001158"/>
</kw>
<kw name="Click Button" owner="SeleniumLibrary">
<msg time="2025-01-28T16:00:14.222593" level="INFO">Clicking button 'xpath= //button[@id='SubmitCreate']'.</msg>
<arg>${LoginPageLocators.CREATE_ACCOUNT_BUTTON}</arg>
<doc>Clicks the button identified by ``locator``.</doc>
<status status="PASS" start="2025-01-28T16:00:14.220410" elapsed="2.720309"/>
</kw>
<kw name="Sleep" owner="BuiltIn">
<msg time="2025-01-28T16:00:17.943459" level="INFO">Slept 1 second.</msg>
<arg>1s</arg>
<doc>Pauses the test executed for the given time.</doc>
<status status="PASS" start="2025-01-28T16:00:16.942343" elapsed="1.001451"/>
</kw>
<kw name="Location Should Contain" owner="SeleniumLibrary">
<msg time="2025-01-28T16:00:18.453582" level="INFO">Current location contains 'controller=authentication'.</msg>
<arg>controller=authentication</arg>
<doc>Verifies that the current URL contains ``expected``.</doc>
<status status="PASS" start="2025-01-28T16:00:17.944569" elapsed="0.509274"/>
</kw>
<kw name="Sleep" owner="BuiltIn">
<msg time="2025-01-28T16:00:19.455560" level="INFO">Slept 1 second.</msg>
<arg>1s</arg>
<doc>Pauses the test executed for the given time.</doc>
<status status="PASS" start="2025-01-28T16:00:18.454805" elapsed="1.001233"/>
</kw>
<kw name="Input Text" owner="SeleniumLibrary">
<msg time="2025-01-28T16:00:19.460042" level="INFO">Typing text 'textA' into text field 'xpath=//input[@name='customer_firstname']'.</msg>
<arg>${LoginPageLocators.FIRST_NAME1}</arg>
<arg>textA</arg>
<doc>Types the given ``text`` into the text field identified by ``locator``.</doc>
<status status="PASS" start="2025-01-28T16:00:19.457323" elapsed="1.736198"/>
</kw>
<kw name="Input Text" owner="SeleniumLibrary">
<msg time="2025-01-28T16:00:21.197589" level="INFO">Typing text 'textlast' into text field 'xpath=//input[@name='customer_lastname']'.</msg>
<arg>${LoginPageLocators.LAST_NAME2}</arg>
<arg>textlast</arg>
<doc>Types the given ``text`` into the text field identified by ``locator``.</doc>
<status status="PASS" start="2025-01-28T16:00:21.194890" elapsed="1.728481"/>
</kw>
<kw name="Input Text" owner="SeleniumLibrary">
<msg time="2025-01-28T16:00:22.927902" level="INFO">Typing text '1234' into text field 'xpath=//input[@name='passwd']'.</msg>
<arg>${LoginPageLocators.PASSWORD}</arg>
<arg>1234</arg>
<doc>Types the given ``text`` into the text field identified by ``locator``.</doc>
<status status="PASS" start="2025-01-28T16:00:22.924749" elapsed="1.740233"/>
</kw>
<kw name="Select Random Date Of Birth">
<kw name="Evaluate" owner="BuiltIn">
<msg time="2025-01-28T16:00:24.666503" level="INFO">${day} = 19</msg>
<var>${day}</var>
<arg>random.randint(1, 28)</arg>
<doc>Evaluates the given expression in Python and returns the result.</doc>
<status status="PASS" start="2025-01-28T16:00:24.666165" elapsed="0.000390"/>
</kw>
<kw name="Evaluate" owner="BuiltIn">
<msg time="2025-01-28T16:00:24.666974" level="INFO">${month} = 7</msg>
<var>${month}</var>
<arg>random.randint(1, 12)</arg>
<doc>Evaluates the given expression in Python and returns the result.</doc>
<status status="PASS" start="2025-01-28T16:00:24.666729" elapsed="0.000292"/>
</kw>
<kw name="Evaluate" owner="BuiltIn">
<msg time="2025-01-28T16:00:24.667479" level="INFO">${year} = 1970</msg>
<var>${year}</var>
<arg>random.randint(1915, 2025)</arg>
<doc>Evaluates the given expression in Python and returns the result.</doc>
<status status="PASS" start="2025-01-28T16:00:24.667187" elapsed="0.000339"/>
</kw>
<kw name="Select From List By Value" owner="SeleniumLibrary">
<msg time="2025-01-28T16:00:24.668461" level="INFO">Selecting options from selection list 'xpath=//select[@id='days']' by value 19.</msg>
<arg>${LoginPageLocators.DAY_DROPDOWN}</arg>
<arg>${day}</arg>
<doc>Selects options from selection list ``locator`` by ``values``.</doc>
<status status="PASS" start="2025-01-28T16:00:24.667701" elapsed="4.288118"/>
</kw>
<kw name="Select From List By Value" owner="SeleniumLibrary">
<msg time="2025-01-28T16:00:28.959552" level="INFO">Selecting options from selection list 'xpath=//select[@id='months']' by value 7.</msg>
<arg>${LoginPageLocators.MONTH_DROPDOWN}</arg>
<arg>${month}</arg>
<doc>Selects options from selection list ``locator`` by ``values``.</doc>
<status status="PASS" start="2025-01-28T16:00:28.956730" elapsed="4.223893"/>
</kw>
<kw name="Select From List By Value" owner="SeleniumLibrary">
<msg time="2025-01-28T16:00:33.184423" level="INFO">Selecting options from selection list 'xpath=//select[@id='years']' by value 1970.</msg>
<arg>${LoginPageLocators.YEAR_DROPDOWN}</arg>
<arg>${year}</arg>
<doc>Selects options from selection list ``locator`` by ``values``.</doc>
<status status="PASS" start="2025-01-28T16:00:33.181556" elapsed="4.260033"/>
</kw>
<doc>Selects a random date of birth in the registration form.</doc>
<status status="PASS" start="2025-01-28T16:00:24.665725" elapsed="12.776491"/>
</kw>
<kw name="Select Checkbox" owner="SeleniumLibrary">
<msg time="2025-01-28T16:00:37.446211" level="INFO">Selecting checkbox 'xpath=//input[@type='checkbox']'.</msg>
<arg>locator=${LoginPageLocators.SIGN_UP_OUR_NEWSLETTER}</arg>
<doc>Selects the checkbox identified by ``locator``.</doc>
<status status="PASS" start="2025-01-28T16:00:37.443412" elapsed="2.748630"/>
</kw>
<kw name="Sleep" owner="BuiltIn">
<msg time="2025-01-28T16:00:41.194871" level="INFO">Slept 1 second.</msg>
<arg>1s</arg>
<doc>Pauses the test executed for the given time.</doc>
<status status="PASS" start="2025-01-28T16:00:40.193370" elapsed="1.001987"/>
</kw>
<kw name="Click Element" owner="SeleniumLibrary">
<msg time="2025-01-28T16:00:41.200254" level="INFO">Clicking element 'xpath=//*[@id='submitAccount']'.</msg>
<arg>${LoginPageLocators.REGISTER}</arg>
<doc>Click the element identified by ``locator``.</doc>
<status status="PASS" start="2025-01-28T16:00:41.196803" elapsed="1.659234"/>
</kw>
<kw name="Sleep" owner="BuiltIn">
<msg time="2025-01-28T16:00:43.859440" level="INFO">Slept 1 second.</msg>
<arg>1s</arg>
<doc>Pauses the test executed for the given time.</doc>
<status status="PASS" start="2025-01-28T16:00:42.857986" elapsed="1.001934"/>
</kw>
<kw name="Element Should Be Visible" owner="SeleniumLibrary">
<msg time="2025-01-28T16:00:44.928748" level="INFO">Element 'xpath=//div[@class='alert alert-danger']' is displayed.</msg>
<arg>${LoginPageLocators.ALERT_ERROR_MESSAGE}</arg>
<doc>Verifies that the element identified by ``locator`` is visible.</doc>
<status status="PASS" start="2025-01-28T16:00:43.861200" elapsed="1.068057"/>
</kw>
<doc>Checks for validation errors when a value less than 5 characters is entered in the password field.</doc>
<tag>smoke</tag>
<status status="PASS" start="2025-01-28T15:59:59.982769" elapsed="44.947755"/>
</test>
<status status="PASS" start="2025-01-28T15:59:10.606530" elapsed="94.327903"/>
</suite>
<suite id="s1-s2" name="US004" source="C:\Users\fthyl\OneDrive\PROJECT\tests\US004.robot">
<kw name="Open Browser To Application" owner="reusable_keywords" type="SETUP">
<kw name="Open Browser" owner="SeleniumLibrary">
<msg time="2025-01-28T16:00:44.965647" level="INFO">Opening browser 'chrome' to base url 'http://www.automationpractice.pl/index.php'.</msg>
<arg>${url}</arg>
<arg>${browser}</arg>
<doc>Opens a new browser instance to the optional ``url``.</doc>
<status status="PASS" start="2025-01-28T16:00:44.965155" elapsed="6.909071"/>
</kw>
<kw name="Maximize Browser Window" owner="SeleniumLibrary">
<doc>Maximizes current browser window.</doc>
<status status="PASS" start="2025-01-28T16:00:51.896531" elapsed="0.833921"/>
</kw>
<kw name="Set Selenium Speed" owner="SeleniumLibrary">
<arg>0.5</arg>
<doc>Sets the delay that is waited after each Selenium command.</doc>
<status status="PASS" start="2025-01-28T16:00:52.730807" elapsed="0.000356"/>
</kw>
<arg>${BASE_URL}</arg>
<status status="PASS" start="2025-01-28T16:00:44.963992" elapsed="7.767455"/>
</kw>
<test id="s1-s2-t1" name="TC001 Successfully Login" line="18">
<kw name="Click Element" owner="SeleniumLibrary">
<msg time="2025-01-28T16:00:52.733452" level="INFO">Clicking element 'xpath=//a[@class='login' and @title='Log in to your customer account']'.</msg>
<arg>${LoginPageLocators.SIGN_IN_BUTTON}</arg>
<doc>Click the element identified by ``locator``.</doc>
<status status="PASS" start="2025-01-28T16:00:52.732521" elapsed="1.868555"/>
</kw>
<kw name="Input Text" owner="SeleniumLibrary">
<msg time="2025-01-28T16:00:54.602660" level="INFO">Typing text 'Testrobot@yopmail.com' into text field 'xpath=//input[@id='email']'.</msg>
<arg>${LoginPageLocators.LOGIN_EMAIL_BUTTON}</arg>
<arg>${EMAIL_My_Shop}</arg>
<doc>Types the given ``text`` into the text field identified by ``locator``.</doc>
<status status="PASS" start="2025-01-28T16:00:54.601694" elapsed="1.890022"/>
</kw>
<kw name="Input Text" owner="SeleniumLibrary">
<msg time="2025-01-28T16:00:56.493418" level="INFO">Typing text '12345' into text field 'xpath=//input[@id='passwd']'.</msg>
<arg>${LoginPageLocators.LOGIN_PASSWORD_BUTTON}</arg>
<arg>${PASSWORD_My_Shop}</arg>
<doc>Types the given ``text`` into the text field identified by ``locator``.</doc>
<status status="PASS" start="2025-01-28T16:00:56.492371" elapsed="1.691758"/>
</kw>
<kw name="Click Element" owner="SeleniumLibrary">
<msg time="2025-01-28T16:00:58.188079" level="INFO">Clicking element 'xpath=//*[@id='SubmitLogin']'.</msg>
<arg>${LoginPageLocators.SIGN_IN}</arg>
<doc>Click the element identified by ``locator``.</doc>
<status status="PASS" start="2025-01-28T16:00:58.185485" elapsed="1.565177"/>
</kw>
<kw name="Location Should Contain" owner="SeleniumLibrary">
<msg time="2025-01-28T16:01:00.260172" level="INFO">Current location contains 'controller=my-account'.</msg>
<arg>controller=my-account</arg>
<doc>Verifies that the current URL contains ``expected``.</doc>
<status status="PASS" start="2025-01-28T16:00:59.751240" elapsed="0.509211"/>
</kw>
<doc>Successfully Login</doc>
<tag>smoke</tag>
<status status="PASS" start="2025-01-28T16:00:52.731613" elapsed="7.529561"/>
</test>
<status status="PASS" start="2025-01-28T16:00:44.939558" elapsed="15.324211"/>
</suite>
<status status="PASS" start="2025-01-28T15:59:10.512830" elapsed="109.759686"/>
</suite>
<statistics>
<total>
<stat pass="3" fail="0" skip="0">All Tests</stat>
</total>
<tag>
<stat pass="3" fail="0" skip="0">smoke</stat>
</tag>
<suite>
<stat name="Tests" id="s1" pass="3" fail="0" skip="0">Tests</stat>
<stat name="US003" id="s1-s1" pass="2" fail="0" skip="0">Tests.US003</stat>
<stat name="US004" id="s1-s2" pass="1" fail="0" skip="0">Tests.US004</stat>
</suite>
</statistics>
<errors>
<msg time="2025-01-28T15:59:10.495571" level="WARN">Error in file 'C:\Users\fthyl\OneDrive\PROJECT\tests\US003.robot' on line 35: The '[Return]' setting is deprecated. Use the 'RETURN' statement instead.</msg>
</errors>
</robot>
