<?xml version="1.0" encoding="UTF-8"?>
<robot generator="Robot 7.2 (Python 3.13.1 on win32)" generated="2025-01-27T22:32:13.397059" rpa="false" schemaversion="5">
<suite id="s1" name="Tests" source="C:\Users\fthyl\OneDrive\PROJECT\tests">
<suite id="s1-s1" name="US003" source="C:\Users\fthyl\OneDrive\PROJECT\tests\US003.robot">
<test id="s1-s1-t1" name="TC001 Create an account" line="41">
<kw name="Open Browser To Application" owner="reusable_keywords">
<kw name="Open Browser" owner="SeleniumLibrary">
<msg time="2025-01-27T22:32:14.153147" level="INFO">Opening browser 'chrome' to base url 'http://www.automationpractice.pl/index.php'.</msg>
<arg>${url}</arg>
<arg>${browser}</arg>
<doc>Opens a new browser instance to the optional ``url``.</doc>
<status status="PASS" start="2025-01-27T22:32:14.152650" elapsed="7.252525"/>
</kw>
<kw name="Maximize Browser Window" owner="SeleniumLibrary">
<doc>Maximizes current browser window.</doc>
<status status="PASS" start="2025-01-27T22:32:21.406612" elapsed="0.651263"/>
</kw>
<kw name="Set Selenium Speed" owner="SeleniumLibrary">
<arg>0.5</arg>
<doc>Sets the delay that is waited after each Selenium command.</doc>
<status status="PASS" start="2025-01-27T22:32:22.058242" elapsed="0.000367"/>
</kw>
<arg>${BASE_URL}</arg>
<arg>${BROWSER}</arg>
<status status="PASS" start="2025-01-27T22:32:14.150990" elapsed="7.907778"/>
</kw>
<kw name="Click Element" owner="SeleniumLibrary">
<msg time="2025-01-27T22:32:22.060326" level="INFO">Clicking element 'xpath=//a[@class='login' and @title='Log in to your customer account']'.</msg>
<arg>${LoginPageLocators.SIGN_IN_BUTTON}</arg>
<doc>Click the element identified by ``locator``.</doc>
<status status="PASS" start="2025-01-27T22:32:22.059190" elapsed="2.075889"/>
</kw>
<kw name="Sleep" owner="BuiltIn">
<msg time="2025-01-27T22:32:25.140289" level="INFO">Slept 1 second.</msg>
<arg>1s</arg>
<doc>Pauses the test executed for the given time.</doc>
<status status="PASS" start="2025-01-27T22:32:24.136527" elapsed="1.004415"/>
</kw>
<kw name="Generate Random Email">
<kw name="Evaluate" owner="BuiltIn">
<msg time="2025-01-27T22:32:25.146817" level="INFO">${random_string} = c21k3avrqv</msg>
<var>${random_string}</var>
<arg>''.join(random.choices('abcdefghijklmnopqrstuvwxyz1234567890', k=10))</arg>
<arg>modules=random</arg>
<doc>Evaluates the given expression in Python and returns the result.</doc>
<status status="PASS" start="2025-01-27T22:32:25.144671" elapsed="0.002422"/>
</kw>
<kw name="Set Variable" owner="BuiltIn">
<msg time="2025-01-27T22:32:25.149386" level="INFO">${email} = c21k3avrqv@yopmail.com</msg>
<var>${email}</var>
<arg>${random_string}@yopmail.com</arg>
<doc>Returns the given values which can then be assigned to a variables.</doc>
<status status="PASS" start="2025-01-27T22:32:25.148011" elapsed="0.001568"/>
</kw>
<return>
<value>${email}</value>
<status status="PASS" start="2025-01-27T22:32:25.149999" elapsed="0.000335"/>
</return>
<msg time="2025-01-27T22:32:25.151202" level="INFO">${random_email} = c21k3avrqv@yopmail.com</msg>
<var>${random_email}</var>
<doc>Generates and returns a random email address.</doc>
<status status="PASS" start="2025-01-27T22:32:25.142989" elapsed="0.008420"/>
</kw>
<kw name="Input Text" owner="SeleniumLibrary">
<msg time="2025-01-27T22:32:25.157063" level="INFO">Typing text 'c21k3avrqv@yopmail.com' into text field 'xpath=//input[@id='email_create']'.</msg>
<arg>${LoginPageLocators.EMAIL_ADDRESS_CREATE_ACCOUNT}</arg>
<arg>${random_email}</arg>
<doc>Types the given ``text`` into the text field identified by ``locator``.</doc>
<status status="PASS" start="2025-01-27T22:32:25.152563" elapsed="1.780494"/>
</kw>
<kw name="Sleep" owner="BuiltIn">
<msg time="2025-01-27T22:32:27.935564" level="INFO">Slept 1 second.</msg>
<arg>1s</arg>
<doc>Pauses the test executed for the given time.</doc>
<status status="PASS" start="2025-01-27T22:32:26.934216" elapsed="1.001833"/>
</kw>
<kw name="Click Button" owner="SeleniumLibrary">
<msg time="2025-01-27T22:32:27.939888" level="INFO">Clicking button 'xpath= //button[@id='SubmitCreate']'.</msg>
<arg>${LoginPageLocators.CREATE_ACCOUNT_BUTTON}</arg>
<doc>Clicks the button identified by ``locator``.</doc>
<status status="PASS" start="2025-01-27T22:32:27.937319" elapsed="2.736827"/>
</kw>
<kw name="Sleep" owner="BuiltIn">
<msg time="2025-01-27T22:32:31.675661" level="INFO">Slept 1 second.</msg>
<arg>1s</arg>
<doc>Pauses the test executed for the given time.</doc>
<status status="PASS" start="2025-01-27T22:32:30.674766" elapsed="1.001389"/>
</kw>
<kw name="Location Should Contain" owner="SeleniumLibrary">
<msg time="2025-01-27T22:32:32.195894" level="INFO">Current location contains 'controller=authentication'.</msg>
<arg>controller=authentication</arg>
<doc>Verifies that the current URL contains ``expected``.</doc>
<status status="PASS" start="2025-01-27T22:32:31.677031" elapsed="0.519391"/>
</kw>
<kw name="Sleep" owner="BuiltIn">
<msg time="2025-01-27T22:32:33.199704" level="INFO">Slept 1 second.</msg>
<arg>1s</arg>
<doc>Pauses the test executed for the given time.</doc>
<status status="PASS" start="2025-01-27T22:32:32.198268" elapsed="1.001924"/>
</kw>
<kw name="Select One Random Gender">
<kw name="Create List" owner="BuiltIn">
<msg time="2025-01-27T22:32:33.204143" level="INFO">${locator_list} = ["xpath=//input[@id='id_gender1']", "xpath=//input[@id='id_gender2']"]</msg>
<var>${locator_list}</var>
<arg>${LOCATORGENDERMR}</arg>
<arg>${LOCATORGENDERMRS}</arg>
<doc>Returns a list containing given items.</doc>
<status status="PASS" start="2025-01-27T22:32:33.203017" elapsed="0.001320"/>
</kw>
<kw name="Evaluate" owner="BuiltIn">
<msg time="2025-01-27T22:32:33.206593" level="INFO">${selected_locator} = xpath=//input[@id='id_gender1']</msg>
<var>${selected_locator}</var>
<arg>random.choice(${locator_list})</arg>
<arg>modules=random</arg>
<doc>Evaluates the given expression in Python and returns the result.</doc>
<status status="PASS" start="2025-01-27T22:32:33.205034" elapsed="0.001747"/>
</kw>
<kw name="Log" owner="BuiltIn">
<msg time="2025-01-27T22:32:33.208198" level="INFO">Selected locator: xpath=//input[@id='id_gender1']</msg>
<arg>Selected locator: ${selected_locator}</arg>
<doc>Logs the given message with the given level.</doc>
<status status="PASS" start="2025-01-27T22:32:33.207463" elapsed="0.001031"/>
</kw>
<kw name="Click Element" owner="SeleniumLibrary">
<msg time="2025-01-27T22:32:33.210021" level="INFO">Clicking element 'xpath=//input[@id='id_gender1']'.</msg>
<arg>${selected_locator}</arg>
<doc>Click the element identified by ``locator``.</doc>
<status status="PASS" start="2025-01-27T22:32:33.209129" elapsed="1.173105"/>
</kw>
<doc>Selects gender randomly as male (MR) or female (MRS).</doc>
<status status="PASS" start="2025-01-27T22:32:33.201650" elapsed="1.180837"/>
</kw>
<kw name="Sleep" owner="BuiltIn">
<msg time="2025-01-27T22:32:35.383510" level="INFO">Slept 1 second.</msg>
<arg>1s</arg>
<doc>Pauses the test executed for the given time.</doc>
<status status="PASS" start="2025-01-27T22:32:34.382997" elapsed="1.000738"/>
</kw>
<kw name="Input Text" owner="SeleniumLibrary">
<msg time="2025-01-27T22:32:35.385511" level="INFO">Typing text 'textA' into text field 'xpath=//input[@name='customer_firstname']'.</msg>
<arg>${LoginPageLocators.FIRST_NAME1}</arg>
<arg>textA</arg>
<doc>Types the given ``text`` into the text field identified by ``locator``.</doc>
<status status="PASS" start="2025-01-27T22:32:35.384514" elapsed="1.738786"/>
</kw>
<kw name="Input Text" owner="SeleniumLibrary">
<msg time="2025-01-27T22:32:37.127325" level="INFO">Typing text 'textlast' into text field 'xpath=//input[@name='customer_lastname']'.</msg>
<arg>${LoginPageLocators.LAST_NAME2}</arg>
<arg>textlast</arg>
<doc>Types the given ``text`` into the text field identified by ``locator``.</doc>
<status status="PASS" start="2025-01-27T22:32:37.124645" elapsed="1.719999"/>
</kw>
<kw name="Input Text" owner="SeleniumLibrary">
<msg time="2025-01-27T22:32:38.848805" level="INFO">Typing text '123456' into text field 'xpath=//input[@name='passwd']'.</msg>
<arg>${LoginPageLocators.PASSWORD}</arg>
<arg>${PASSWORD_CREATE_ACCOUNT}</arg>
<doc>Types the given ``text`` into the text field identified by ``locator``.</doc>
<status status="PASS" start="2025-01-27T22:32:38.846016" elapsed="1.740578"/>
</kw>
<kw name="Sleep" owner="BuiltIn">
<msg time="2025-01-27T22:32:41.589492" level="INFO">Slept 1 second.</msg>
<arg>1s</arg>
<doc>Pauses the test executed for the given time.</doc>
<status status="PASS" start="2025-01-27T22:32:40.587951" elapsed="1.002047"/>
</kw>
<kw name="Select Random Date Of Birth">
<kw name="Evaluate" owner="BuiltIn">
<msg time="2025-01-27T22:32:41.594246" level="INFO">${day} = 9</msg>
<var>${day}</var>
<arg>random.randint(1, 28)</arg>
<doc>Evaluates the given expression in Python and returns the result.</doc>
<status status="PASS" start="2025-01-27T22:32:41.593056" elapsed="0.001390"/>
</kw>
<kw name="Evaluate" owner="BuiltIn">
<msg time="2025-01-27T22:32:41.596088" level="INFO">${month} = 3</msg>
<var>${month}</var>
<arg>random.randint(1, 12)</arg>
<doc>Evaluates the given expression in Python and returns the result.</doc>
<status status="PASS" start="2025-01-27T22:32:41.595123" elapsed="0.001152"/>
</kw>
<kw name="Evaluate" owner="BuiltIn">
<msg time="2025-01-27T22:32:41.597883" level="INFO">${year} = 1985</msg>
<var>${year}</var>
<arg>random.randint(1915, 2025)</arg>
<doc>Evaluates the given expression in Python and returns the result.</doc>
<status status="PASS" start="2025-01-27T22:32:41.596930" elapsed="0.001134"/>
</kw>
<kw name="Select From List By Value" owner="SeleniumLibrary">
<msg time="2025-01-27T22:32:41.601325" level="INFO">Selecting options from selection list 'xpath=//select[@id='days']' by value 9.</msg>
<arg>${LoginPageLocators.DAY_DROPDOWN}</arg>
<arg>${day}</arg>
<doc>Selects options from selection list ``locator`` by ``values``.</doc>
<status status="PASS" start="2025-01-27T22:32:41.598725" elapsed="4.308540"/>
</kw>
<kw name="Select From List By Value" owner="SeleniumLibrary">
<msg time="2025-01-27T22:32:45.911046" level="INFO">Selecting options from selection list 'xpath=//select[@id='months']' by value 3.</msg>
<arg>${LoginPageLocators.MONTH_DROPDOWN}</arg>
<arg>${month}</arg>
<doc>Selects options from selection list ``locator`` by ``values``.</doc>
<status status="PASS" start="2025-01-27T22:32:45.908184" elapsed="4.219011"/>
</kw>
<kw name="Select From List By Value" owner="SeleniumLibrary">
<msg time="2025-01-27T22:32:50.130909" level="INFO">Selecting options from selection list 'xpath=//select[@id='years']' by value 1985.</msg>
<arg>${LoginPageLocators.YEAR_DROPDOWN}</arg>
<arg>${year}</arg>
<doc>Selects options from selection list ``locator`` by ``values``.</doc>
<status status="PASS" start="2025-01-27T22:32:50.128119" elapsed="4.213857"/>
</kw>
<doc>Selects a random date of birth in the registration form.</doc>
<status status="PASS" start="2025-01-27T22:32:41.591560" elapsed="12.751082"/>
</kw>
<kw name="Select Checkbox" owner="SeleniumLibrary">
<msg time="2025-01-27T22:32:54.347111" level="INFO">Selecting checkbox 'xpath=//input[@type='checkbox']'.</msg>
<arg>locator=${LoginPageLocators.SIGN_UP_OUR_NEWSLETTER}</arg>
<doc>Selects the checkbox identified by ``locator``.</doc>
<status status="PASS" start="2025-01-27T22:32:54.344438" elapsed="2.798436"/>
</kw>
<kw name="Sleep" owner="BuiltIn">
<msg time="2025-01-27T22:32:58.145523" level="INFO">Slept 1 second.</msg>
<arg>1s</arg>
<doc>Pauses the test executed for the given time.</doc>
<status status="PASS" start="2025-01-27T22:32:57.144195" elapsed="1.001558"/>
</kw>
<kw name="Click Element" owner="SeleniumLibrary">
<msg time="2025-01-27T22:32:58.147206" level="INFO">Clicking element 'xpath=//*[@id='submitAccount']'.</msg>
<arg>${LoginPageLocators.REGISTER}</arg>
<doc>Click the element identified by ``locator``.</doc>
<status status="PASS" start="2025-01-27T22:32:58.146319" elapsed="3.134987"/>
</kw>
<kw name="Sleep" owner="BuiltIn">
<msg time="2025-01-27T22:33:02.284131" level="INFO">Slept 1 second.</msg>
<arg>1s</arg>
<doc>Pauses the test executed for the given time.</doc>
<status status="PASS" start="2025-01-27T22:33:01.282610" elapsed="1.001995"/>
</kw>
<kw name="Element Should Be Visible" owner="SeleniumLibrary">
<msg time="2025-01-27T22:33:03.367086" level="INFO">Element 'xpath=//p[@class='alert alert-success']' is displayed.</msg>
<arg>${LoginPageLocators.ACCOUNT_HAS_BEEN_CREATED}</arg>
<doc>Verifies that the element identified by ``locator`` is visible.</doc>
<status status="PASS" start="2025-01-27T22:33:02.285863" elapsed="1.081744"/>
</kw>
<doc>Tests the process of creating a new user account</doc>
<tag>smoke</tag>
<status status="PASS" start="2025-01-27T22:32:14.149299" elapsed="49.219568"/>
</test>
<test id="s1-s1-t2" name="TC002 Negative Password Too Short" line="70">
<kw name="Open Browser To Application" owner="reusable_keywords">
<kw name="Open Browser" owner="SeleniumLibrary">
<msg time="2025-01-27T22:33:03.377894" level="INFO">Opening browser 'chrome' to base url 'http://www.automationpractice.pl/index.php'.</msg>
<arg>${url}</arg>
<arg>${browser}</arg>
<doc>Opens a new browser instance to the optional ``url``.</doc>
<status status="PASS" start="2025-01-27T22:33:03.376860" elapsed="5.941874"/>
</kw>
<kw name="Maximize Browser Window" owner="SeleniumLibrary">
<doc>Maximizes current browser window.</doc>
<status status="PASS" start="2025-01-27T22:33:09.319204" elapsed="0.665989"/>
</kw>
<kw name="Set Selenium Speed" owner="SeleniumLibrary">
<arg>0.5</arg>
<doc>Sets the delay that is waited after each Selenium command.</doc>
<status status="PASS" start="2025-01-27T22:33:09.985601" elapsed="0.000433"/>
</kw>
<arg>${BASE_URL}</arg>
<arg>${BROWSER}</arg>
<status status="PASS" start="2025-01-27T22:33:03.374918" elapsed="6.611302"/>
</kw>
<kw name="Click Element" owner="SeleniumLibrary">
<msg time="2025-01-27T22:33:09.987746" level="INFO">Clicking element 'xpath=//a[@class='login' and @title='Log in to your customer account']'.</msg>
<arg>${LoginPageLocators.SIGN_IN_BUTTON}</arg>
<doc>Click the element identified by ``locator``.</doc>
<status status="PASS" start="2025-01-27T22:33:09.986742" elapsed="1.812460"/>
</kw>
<kw name="Sleep" owner="BuiltIn">
<msg time="2025-01-27T22:33:12.802207" level="INFO">Slept 1 second.</msg>
<arg>1s</arg>
<doc>Pauses the test executed for the given time.</doc>
<status status="PASS" start="2025-01-27T22:33:11.800525" elapsed="1.002211"/>
</kw>
<kw name="Generate Random Email">
<kw name="Evaluate" owner="BuiltIn">
<msg time="2025-01-27T22:33:12.807004" level="INFO">${random_string} = 6zb2a6pf0c</msg>
<var>${random_string}</var>
<arg>''.join(random.choices('abcdefghijklmnopqrstuvwxyz1234567890', k=10))</arg>
<arg>modules=random</arg>
<doc>Evaluates the given expression in Python and returns the result.</doc>
<status status="PASS" start="2025-01-27T22:33:12.805578" elapsed="0.001616"/>
</kw>
<kw name="Set Variable" owner="BuiltIn">
<msg time="2025-01-27T22:33:12.808779" level="INFO">${email} = 6zb2a6pf0c@yopmail.com</msg>
<var>${email}</var>
<arg>${random_string}@yopmail.com</arg>
<doc>Returns the given values which can then be assigned to a variables.</doc>
<status status="PASS" start="2025-01-27T22:33:12.807877" elapsed="0.001082"/>
</kw>
<return>
<value>${email}</value>
<status status="PASS" start="2025-01-27T22:33:12.809339" elapsed="0.000293"/>
</return>
<msg time="2025-01-27T22:33:12.810449" level="INFO">${random_email} = 6zb2a6pf0c@yopmail.com</msg>
<var>${random_email}</var>
<doc>Generates and returns a random email address.</doc>
<status status="PASS" start="2025-01-27T22:33:12.804261" elapsed="0.006364"/>
</kw>
<kw name="Input Text" owner="SeleniumLibrary">
<msg time="2025-01-27T22:33:12.814420" level="INFO">Typing text '6zb2a6pf0c@yopmail.com' into text field 'xpath=//input[@id='email_create']'.</msg>
<arg>${LoginPageLocators.EMAIL_ADDRESS_CREATE_ACCOUNT}</arg>
<arg>${random_email}</arg>
<doc>Types the given ``text`` into the text field identified by ``locator``.</doc>
<status status="PASS" start="2025-01-27T22:33:12.811644" elapsed="1.868695"/>
</kw>
<kw name="Sleep" owner="BuiltIn">
<msg time="2025-01-27T22:33:15.682380" level="INFO">Slept 1 second.</msg>
<arg>1s</arg>
<doc>Pauses the test executed for the given time.</doc>
<status status="PASS" start="2025-01-27T22:33:14.681145" elapsed="1.001764"/>
</kw>
<kw name="Click Button" owner="SeleniumLibrary">
<msg time="2025-01-27T22:33:15.686717" level="INFO">Clicking button 'xpath= //button[@id='SubmitCreate']'.</msg>
<arg>${LoginPageLocators.CREATE_ACCOUNT_BUTTON}</arg>
<doc>Clicks the button identified by ``locator``.</doc>
<status status="PASS" start="2025-01-27T22:33:15.684181" elapsed="2.736392"/>
</kw>
<kw name="Sleep" owner="BuiltIn">
<msg time="2025-01-27T22:33:19.424696" level="INFO">Slept 1 second.</msg>
<arg>1s</arg>
<doc>Pauses the test executed for the given time.</doc>
<status status="PASS" start="2025-01-27T22:33:18.423111" elapsed="1.001813"/>
</kw>
<kw name="Location Should Contain" owner="SeleniumLibrary">
<msg time="2025-01-27T22:33:19.963190" level="INFO">Current location contains 'controller=authentication'.</msg>
<arg>controller=authentication</arg>
<doc>Verifies that the current URL contains ``expected``.</doc>
<status status="PASS" start="2025-01-27T22:33:19.425465" elapsed="0.537977"/>
</kw>
<kw name="Sleep" owner="BuiltIn">
<msg time="2025-01-27T22:33:20.964901" level="INFO">Slept 1 second.</msg>
<arg>1s</arg>
<doc>Pauses the test executed for the given time.</doc>
<status status="PASS" start="2025-01-27T22:33:19.964340" elapsed="1.000773"/>
</kw>
<kw name="Input Text" owner="SeleniumLibrary">
<msg time="2025-01-27T22:33:20.966816" level="INFO">Typing text 'textA' into text field 'xpath=//input[@name='customer_firstname']'.</msg>
<arg>${LoginPageLocators.FIRST_NAME1}</arg>
<arg>textA</arg>
<doc>Types the given ``text`` into the text field identified by ``locator``.</doc>
<status status="PASS" start="2025-01-27T22:33:20.965695" elapsed="1.667099"/>
</kw>
<kw name="Input Text" owner="SeleniumLibrary">
<msg time="2025-01-27T22:33:22.636791" level="INFO">Typing text 'textlast' into text field 'xpath=//input[@name='customer_lastname']'.</msg>
<arg>${LoginPageLocators.LAST_NAME2}</arg>
<arg>textlast</arg>
<doc>Types the given ``text`` into the text field identified by ``locator``.</doc>
<status status="PASS" start="2025-01-27T22:33:22.634171" elapsed="1.689239"/>
</kw>
<kw name="Input Text" owner="SeleniumLibrary">
<msg time="2025-01-27T22:33:24.327372" level="INFO">Typing text '1234' into text field 'xpath=//input[@name='passwd']'.</msg>
<arg>${LoginPageLocators.PASSWORD}</arg>
<arg>1234</arg>
<doc>Types the given ``text`` into the text field identified by ``locator``.</doc>
<status status="PASS" start="2025-01-27T22:33:24.324784" elapsed="1.709314"/>
</kw>
<kw name="Select Random Date Of Birth">
<kw name="Evaluate" owner="BuiltIn">
<msg time="2025-01-27T22:33:26.038245" level="INFO">${day} = 26</msg>
<var>${day}</var>
<arg>random.randint(1, 28)</arg>
<doc>Evaluates the given expression in Python and returns the result.</doc>
<status status="PASS" start="2025-01-27T22:33:26.037144" elapsed="0.001296"/>
</kw>
<kw name="Evaluate" owner="BuiltIn">
<msg time="2025-01-27T22:33:26.040031" level="INFO">${month} = 2</msg>
<var>${month}</var>
<arg>random.randint(1, 12)</arg>
<doc>Evaluates the given expression in Python and returns the result.</doc>
<status status="PASS" start="2025-01-27T22:33:26.039089" elapsed="0.001124"/>
</kw>
<kw name="Evaluate" owner="BuiltIn">
<msg time="2025-01-27T22:33:26.041805" level="INFO">${year} = 1967</msg>
<var>${year}</var>
<arg>random.randint(1915, 2025)</arg>
<doc>Evaluates the given expression in Python and returns the result.</doc>
<status status="PASS" start="2025-01-27T22:33:26.040851" elapsed="0.001135"/>
</kw>
<kw name="Select From List By Value" owner="SeleniumLibrary">
<msg time="2025-01-27T22:33:26.045202" level="INFO">Selecting options from selection list 'xpath=//select[@id='days']' by value 26.</msg>
<arg>${LoginPageLocators.DAY_DROPDOWN}</arg>
<arg>${day}</arg>
<doc>Selects options from selection list ``locator`` by ``values``.</doc>
<status status="PASS" start="2025-01-27T22:33:26.042639" elapsed="4.225178"/>
</kw>
<kw name="Select From List By Value" owner="SeleniumLibrary">
<msg time="2025-01-27T22:33:30.271693" level="INFO">Selecting options from selection list 'xpath=//select[@id='months']' by value 2.</msg>
<arg>${LoginPageLocators.MONTH_DROPDOWN}</arg>
<arg>${month}</arg>
<doc>Selects options from selection list ``locator`` by ``values``.</doc>
<status status="PASS" start="2025-01-27T22:33:30.268735" elapsed="4.253799"/>
</kw>
<kw name="Select From List By Value" owner="SeleniumLibrary">
<msg time="2025-01-27T22:33:34.526237" level="INFO">Selecting options from selection list 'xpath=//select[@id='years']' by value 1967.</msg>
<arg>${LoginPageLocators.YEAR_DROPDOWN}</arg>
<arg>${year}</arg>
<doc>Selects options from selection list ``locator`` by ``values``.</doc>
<status status="PASS" start="2025-01-27T22:33:34.523455" elapsed="4.274585"/>
</kw>
<doc>Selects a random date of birth in the registration form.</doc>
<status status="PASS" start="2025-01-27T22:33:26.035808" elapsed="12.762848"/>
</kw>
<kw name="Select Checkbox" owner="SeleniumLibrary">
<msg time="2025-01-27T22:33:38.802543" level="INFO">Selecting checkbox 'xpath=//input[@type='checkbox']'.</msg>
<arg>locator=${LoginPageLocators.SIGN_UP_OUR_NEWSLETTER}</arg>
<doc>Selects the checkbox identified by ``locator``.</doc>
<status status="PASS" start="2025-01-27T22:33:38.799847" elapsed="2.736957"/>
</kw>
<kw name="Sleep" owner="BuiltIn">
<msg time="2025-01-27T22:33:42.539538" level="INFO">Slept 1 second.</msg>
<arg>1s</arg>
<doc>Pauses the test executed for the given time.</doc>
<status status="PASS" start="2025-01-27T22:33:41.538123" elapsed="1.001900"/>
</kw>
<kw name="Click Element" owner="SeleniumLibrary">
<msg time="2025-01-27T22:33:42.543901" level="INFO">Clicking element 'xpath=//*[@id='submitAccount']'.</msg>
<arg>${LoginPageLocators.REGISTER}</arg>
<doc>Click the element identified by ``locator``.</doc>
<status status="PASS" start="2025-01-27T22:33:42.541325" elapsed="1.666946"/>
</kw>
<kw name="Sleep" owner="BuiltIn">
<msg time="2025-01-27T22:33:45.211695" level="INFO">Slept 1 second.</msg>
<arg>1s</arg>
<doc>Pauses the test executed for the given time.</doc>
<status status="PASS" start="2025-01-27T22:33:44.210245" elapsed="1.001932"/>
</kw>
<kw name="Element Should Be Visible" owner="SeleniumLibrary">
<msg time="2025-01-27T22:33:46.289108" level="INFO">Element 'xpath=//div[@class='alert alert-danger']' is displayed.</msg>
<arg>${LoginPageLocators.ALERT_ERROR_MESSAGE}</arg>
<doc>Verifies that the element identified by ``locator`` is visible.</doc>
<status status="PASS" start="2025-01-27T22:33:45.213454" elapsed="1.076172"/>
</kw>
<doc>Checks for validation errors when a value less than 5 characters is entered in the password field.</doc>
<tag>smoke</tag>
<status status="PASS" start="2025-01-27T22:33:03.371934" elapsed="42.918956"/>
</test>
<status status="PASS" start="2025-01-27T22:32:13.495447" elapsed="92.799395"/>
</suite>
<status status="PASS" start="2025-01-27T22:32:13.401180" elapsed="92.901443"/>
</suite>
<statistics>
<total>
<stat pass="2" fail="0" skip="0">All Tests</stat>
</total>
<tag>
<stat pass="2" fail="0" skip="0">smoke</stat>
</tag>
<suite>
<stat name="Tests" id="s1" pass="2" fail="0" skip="0">Tests</stat>
<stat name="US003" id="s1-s1" pass="2" fail="0" skip="0">Tests.US003</stat>
</suite>
</statistics>
<errors>
<msg time="2025-01-27T22:32:13.385132" level="WARN">Error in file 'C:\Users\fthyl\OneDrive\PROJECT\tests\US003.robot' on line 35: The '[Return]' setting is deprecated. Use the 'RETURN' statement instead.</msg>
</errors>
</robot>
