<?xml version="1.0" encoding="UTF-8"?>
<robot generator="Robot 7.2 (Python 3.13.1 on win32)" generated="2025-04-29T11:02:04.171596" rpa="false" schemaversion="5">
<suite id="s1" name="US008" source="c:\Users\fthyl\OneDrive\PROJECT\API\TestsAPI\US008.robot">
<test id="s1-t1" name="TC001 - Create Booking" line="12">
<kw name="Set Variable" owner="BuiltIn">
<msg time="2025-04-29T11:02:05.374127" level="INFO">${ENDPOINT} = /booking</msg>
<var>${ENDPOINT}</var>
<arg>/booking</arg>
<doc>Returns the given values which can then be assigned to a variables.</doc>
<status status="PASS" start="2025-04-29T11:02:05.371984" elapsed="0.011508"/>
</kw>
<kw name="Create Dictionary" owner="BuiltIn">
<msg time="2025-04-29T11:02:05.386091" level="INFO">${bookingdates} = {'checkin': '2023-10-01', 'checkout': '2023-10-10'}</msg>
<var>${bookingdates}</var>
<arg>checkin=2023-10-01</arg>
<arg>checkout=2023-10-10</arg>
<doc>Creates and returns a dictionary based on the given ``items``.</doc>
<status status="PASS" start="2025-04-29T11:02:05.384865" elapsed="0.001623"/>
</kw>
<kw name="Create Dictionary" owner="BuiltIn">
<msg time="2025-04-29T11:02:05.418985" level="INFO">${Body} = {'firstname': 'Yusuf', 'lastname': 'AY', 'totalprice': '1000', 'depositpaid': 'true', 'bookingdates': {'checkin': '2023-10-01', 'checkout': '2023-10-10'}, 'additionalneeds': 'Breakfast'}</msg>
<var>${Body}</var>
<arg>firstname=Yusuf</arg>
<arg>lastname=AY</arg>
<arg>totalprice=1000</arg>
<arg>depositpaid=true</arg>
<arg>bookingdates=${bookingdates}</arg>
<arg>additionalneeds=Breakfast</arg>
<doc>Creates and returns a dictionary based on the given ``items``.</doc>
<status status="PASS" start="2025-04-29T11:02:05.388364" elapsed="0.032305"/>
</kw>
<kw name="Create Session" owner="RequestsLibrary">
<msg time="2025-04-29T11:02:05.719366" level="INFO">Creating Session using : alias=createBooking, url=https://restful-booker.herokuapp.com, headers=,                     cookies={}, auth=None, timeout=None, proxies=None, verify=False,                     debug=0 </msg>
<arg>createBooking</arg>
<arg>${BASE_URL}</arg>
<arg>headers=</arg>
<doc>Create Session: create a HTTP session to a server</doc>
<status status="PASS" start="2025-04-29T11:02:05.716322" elapsed="0.004449"/>
</kw>
<kw name="POST On Session" owner="RequestsLibrary">
<msg time="2025-04-29T11:02:06.493013" level="INFO">POST Request : url=https://restful-booker.herokuapp.com/booking 
 path_url=/booking 
 headers={'User-Agent': 'python-requests/2.32.3', 'Accept-Encoding': 'gzip, deflate', 'Accept': '*/*', 'Connection': 'keep-alive', 'Content-Length': '186', 'Content-Type': 'application/json'} 
 body=b'{"firstname": "Yusuf", "lastname": "AY", "totalprice": "1000", "depositpaid": "true", "bookingdates": {"checkin": "2023-10-01", "checkout": "2023-10-10"}, "additionalneeds": "Breakfast"}' 
 </msg>
<msg time="2025-04-29T11:02:06.495228" level="INFO">POST Response : url=https://restful-booker.herokuapp.com/booking 
 status=200, reason=OK 
 headers={'Server': 'Cowboy', 'Report-To': '{"group":"heroku-nel","max_age":3600,"endpoints":[{"url":"https://nel.heroku.com/reports?ts=1745917326&amp;sid=c46efe9b-d3d2-4a0c-8c76-bfafa16c5add&amp;s=anwbeWX1wKghJ%2BG%2FaaSbgSCG4U9srrW8OJJDQgow6z8%3D"}]}', 'Reporting-Endpoints': 'heroku-nel=https://nel.heroku.com/reports?ts=1745917326&amp;sid=c46efe9b-d3d2-4a0c-8c76-bfafa16c5add&amp;s=anwbeWX1wKghJ%2BG%2FaaSbgSCG4U9srrW8OJJDQgow6z8%3D', 'Nel': '{"report_to":"heroku-nel","max_age":3600,"success_fraction":0.005,"failure_fraction":0.05,"response_headers":["Via"]}', 'Connection': 'keep-alive', 'X-Powered-By': 'Express', 'Content-Type': 'application/json; charset=utf-8', 'Content-Length': '195', 'Etag': 'W/"c3-62fhyax3N6G1+Jku/gQeixjqffk"', 'Date': 'Tue, 29 Apr 2025 09:02:06 GMT', 'Via': '1.1 vegur'} 
 body={"bookingid":16,"booking":{"firstname":"Yusuf","lastname":"AY","totalprice":1000,"depositpaid":true,"bookingdates":{"checkin":"2023-10-01","checkout":"2023-10-10"},"additionalneeds":"Breakfast"}} 
 </msg>
<msg time="2025-04-29T11:02:06.496247" level="INFO">C:\Users\fthyl\AppData\Local\Programs\Python\Python313\Lib\site-packages\urllib3\connectionpool.py:1097: InsecureRequestWarning: Unverified HTTPS request is being made to host 'restful-booker.herokuapp.com'. Adding certificate verification is strongly advised. See: https://urllib3.readthedocs.io/en/latest/advanced-usage.html#tls-warnings
  warnings.warn(</msg>
<msg time="2025-04-29T11:02:06.500329" level="INFO">${response} = &lt;Response [200]&gt;</msg>
<var>${response}</var>
<arg>createBooking</arg>
<arg>${ENDPOINT}</arg>
<arg>json=${Body}</arg>
<doc>Sends a POST request on a previously created HTTP Session.</doc>
<status status="PASS" start="2025-04-29T11:02:05.857586" elapsed="0.643509"/>
</kw>
<kw name="Status Should Be" owner="RequestsLibrary">
<arg>200</arg>
<doc>Fails if response status code is different than the expected.</doc>
<status status="PASS" start="2025-04-29T11:02:06.504005" elapsed="0.001286"/>
</kw>
<kw name="Set Variable" owner="BuiltIn">
<msg time="2025-04-29T11:02:06.513286" level="INFO">${cevap} = 2023-10-01</msg>
<var>${cevap}</var>
<arg>${response.json()}[booking][bookingdates][checkin]</arg>
<doc>Returns the given values which can then be assigned to a variables.</doc>
<status status="PASS" start="2025-04-29T11:02:06.508632" elapsed="0.005823"/>
</kw>
<kw name="Log To Console" owner="BuiltIn">
<arg>message: ${cevap}</arg>
<doc>Logs the given message to the console.</doc>
<status status="PASS" start="2025-04-29T11:02:06.519760" elapsed="0.004188"/>
</kw>
<doc>Bu test yeni bir rezervasyon kaydi olusturur Post ile</doc>
<status status="PASS" start="2025-04-29T11:02:05.369528" elapsed="1.157739"/>
</test>
<status status="PASS" start="2025-04-29T11:02:04.187908" elapsed="2.347290"/>
</suite>
<statistics>
<total>
<stat pass="1" fail="0" skip="0">All Tests</stat>
</total>
<tag>
</tag>
<suite>
<stat name="US008" id="s1" pass="1" fail="0" skip="0">US008</stat>
</suite>
</statistics>
<errors>
</errors>
</robot>
